2025-04-04 10:10:45.963203 - Received CBT.V508.FILE464.PDS from FILE464.XMI 
2025-04-04 10:10:45.965106 - Found $$$#DATE.txt (text/plain) in CBT.V508.FILE464.PDS, moved to PDS/$$$#DATE
2025-04-04 10:10:45.965295 - Found #DOC.txt (text/plain) in CBT.V508.FILE464.PDS, moved to PDS/#DOC
2025-04-04 10:10:45.965439 - Found @.txt (text/plain) in CBT.V508.FILE464.PDS, moved to PDS/@
2025-04-04 10:10:45.965575 - Found @BROWSE.txt (text/plain) in CBT.V508.FILE464.PDS, moved to PDS/@BROWSE
2025-04-04 10:10:45.965717 - Found @DISPLAY.txt (text/plain) in CBT.V508.FILE464.PDS, moved to PDS/@DISPLAY
2025-04-04 10:10:45.965844 - Found @EDIT.txt (text/plain) in CBT.V508.FILE464.PDS, moved to PDS/@EDIT
2025-04-04 10:10:45.965979 - Found @FILE464.txt (text/plain) in CBT.V508.FILE464.PDS, moved to PDS/@FILE464
2025-04-04 10:10:45.966106 - Found @FTCLOSE.txt (text/plain) in CBT.V508.FILE464.PDS, moved to PDS/@FTCLOSE
2025-04-04 10:10:45.966232 - Found @FTERASE.txt (text/plain) in CBT.V508.FILE464.PDS, moved to PDS/@FTERASE
2025-04-04 10:10:45.966351 - Found @FTINCL.txt (text/plain) in CBT.V508.FILE464.PDS, moved to PDS/@FTINCL
2025-04-04 10:10:45.966475 - Found @FTOPEN.txt (text/plain) in CBT.V508.FILE464.PDS, moved to PDS/@FTOPEN
2025-04-04 10:10:45.966592 - Found @GETMSG.txt (text/plain) in CBT.V508.FILE464.PDS, moved to PDS/@GETMSG
2025-04-04 10:10:45.966705 - Found @LOG.txt (text/plain) in CBT.V508.FILE464.PDS, moved to PDS/@LOG
2025-04-04 10:10:45.966822 - Found @SETMSG.txt (text/plain) in CBT.V508.FILE464.PDS, moved to PDS/@SETMSG
2025-04-04 10:10:45.966951 - Found @TBADD.txt (text/plain) in CBT.V508.FILE464.PDS, moved to PDS/@TBADD
2025-04-04 10:10:45.967080 - Found @TBBOTTO.txt (text/plain) in CBT.V508.FILE464.PDS, moved to PDS/@TBBOTTO
2025-04-04 10:10:45.967209 - Found @TBCLOSE.txt (text/plain) in CBT.V508.FILE464.PDS, moved to PDS/@TBCLOSE
2025-04-04 10:10:45.967325 - Found @TBCREAT.txt (text/plain) in CBT.V508.FILE464.PDS, moved to PDS/@TBCREAT
2025-04-04 10:10:45.967489 - Found @TBDISPL.txt (text/plain) in CBT.V508.FILE464.PDS, moved to PDS/@TBDISPL
2025-04-04 10:10:45.967614 - Found @TBERASE.txt (text/plain) in CBT.V508.FILE464.PDS, moved to PDS/@TBERASE
2025-04-04 10:10:45.967752 - Found @TBGET.txt (text/plain) in CBT.V508.FILE464.PDS, moved to PDS/@TBGET
2025-04-04 10:10:45.967873 - Found @TBMOD.txt (text/plain) in CBT.V508.FILE464.PDS, moved to PDS/@TBMOD
2025-04-04 10:10:45.967991 - Found @TBOPEN.txt (text/plain) in CBT.V508.FILE464.PDS, moved to PDS/@TBOPEN
2025-04-04 10:10:45.968121 - Found @TBPUT.txt (text/plain) in CBT.V508.FILE464.PDS, moved to PDS/@TBPUT
2025-04-04 10:10:45.968251 - Found @TBQUERY.txt (text/plain) in CBT.V508.FILE464.PDS, moved to PDS/@TBQUERY
2025-04-04 10:10:45.968386 - Found @TBSARG.txt (text/plain) in CBT.V508.FILE464.PDS, moved to PDS/@TBSARG
2025-04-04 10:10:45.968506 - Found @TBSAVE.txt (text/plain) in CBT.V508.FILE464.PDS, moved to PDS/@TBSAVE
2025-04-04 10:10:45.968617 - Found @TBSCAN.txt (text/plain) in CBT.V508.FILE464.PDS, moved to PDS/@TBSCAN
2025-04-04 10:10:45.968748 - Found @TBSKIP.txt (text/plain) in CBT.V508.FILE464.PDS, moved to PDS/@TBSKIP
2025-04-04 10:10:45.968872 - Found BROWSE.txt (text/plain) in CBT.V508.FILE464.PDS, moved to PDS/BROWSE
2025-04-04 10:10:45.968992 - Found CONTROL.txt (text/plain) in CBT.V508.FILE464.PDS, moved to PDS/CONTROL
2025-04-04 10:10:45.969110 - Found DISPLAY.txt (text/plain) in CBT.V508.FILE464.PDS, moved to PDS/DISPLAY
2025-04-04 10:10:45.969254 - Found EDIT.txt (text/plain) in CBT.V508.FILE464.PDS, moved to PDS/EDIT
2025-04-04 10:10:45.969388 - Found EDREC.txt (text/plain) in CBT.V508.FILE464.PDS, moved to PDS/EDREC
2025-04-04 10:10:45.969508 - Found FTCLOSE.txt (text/plain) in CBT.V508.FILE464.PDS, moved to PDS/FTCLOSE
2025-04-04 10:10:45.969631 - Found FTERASE.txt (text/plain) in CBT.V508.FILE464.PDS, moved to PDS/FTERASE
2025-04-04 10:10:45.969741 - Found FTINCL.txt (text/plain) in CBT.V508.FILE464.PDS, moved to PDS/FTINCL
2025-04-04 10:10:45.969854 - Found FTOPEN.txt (text/plain) in CBT.V508.FILE464.PDS, moved to PDS/FTOPEN
2025-04-04 10:10:45.969969 - Found GETMSG.txt (text/plain) in CBT.V508.FILE464.PDS, moved to PDS/GETMSG
2025-04-04 10:10:45.970088 - Found GRTERM.txt (text/plain) in CBT.V508.FILE464.PDS, moved to PDS/GRTERM
2025-04-04 10:10:45.970213 - Found ISPEXEC.txt (text/plain) in CBT.V508.FILE464.PDS, moved to PDS/ISPEXEC
2025-04-04 10:10:45.970329 - Found ISPF.txt (text/plain) in CBT.V508.FILE464.PDS, moved to PDS/ISPF
2025-04-04 10:10:45.970461 - Found ISPFREST.txt (text/plain) in CBT.V508.FILE464.PDS, moved to PDS/ISPFREST
2025-04-04 10:10:45.970578 - Found ISPFSUPP.txt (text/plain) in CBT.V508.FILE464.PDS, moved to PDS/ISPFSUPP
2025-04-04 10:10:45.970692 - Found ISREDIT.txt (text/plain) in CBT.V508.FILE464.PDS, moved to PDS/ISREDIT
2025-04-04 10:10:45.970804 - Found LMCLOSE.txt (text/plain) in CBT.V508.FILE464.PDS, moved to PDS/LMCLOSE
2025-04-04 10:10:45.970919 - Found LMERASE.txt (text/plain) in CBT.V508.FILE464.PDS, moved to PDS/LMERASE
2025-04-04 10:10:45.971030 - Found LMFREE.txt (text/plain) in CBT.V508.FILE464.PDS, moved to PDS/LMFREE
2025-04-04 10:10:45.971146 - Found LMGET.txt (text/plain) in CBT.V508.FILE464.PDS, moved to PDS/LMGET
2025-04-04 10:10:45.971274 - Found LMINIT.txt (text/plain) in CBT.V508.FILE464.PDS, moved to PDS/LMINIT
2025-04-04 10:10:45.971390 - Found LMMADD.txt (text/plain) in CBT.V508.FILE464.PDS, moved to PDS/LMMADD
2025-04-04 10:10:45.971520 - Found LMMDEL.txt (text/plain) in CBT.V508.FILE464.PDS, moved to PDS/LMMDEL
2025-04-04 10:10:45.971635 - Found LMMFIND.txt (text/plain) in CBT.V508.FILE464.PDS, moved to PDS/LMMFIND
2025-04-04 10:10:45.971747 - Found LMMLIST.txt (text/plain) in CBT.V508.FILE464.PDS, moved to PDS/LMMLIST
2025-04-04 10:10:45.971865 - Found LMMREN.txt (text/plain) in CBT.V508.FILE464.PDS, moved to PDS/LMMREN
2025-04-04 10:10:45.971979 - Found LMMREP.txt (text/plain) in CBT.V508.FILE464.PDS, moved to PDS/LMMREP
2025-04-04 10:10:45.972088 - Found LMOPEN.txt (text/plain) in CBT.V508.FILE464.PDS, moved to PDS/LMOPEN
2025-04-04 10:10:45.972199 - Found LMPUT.txt (text/plain) in CBT.V508.FILE464.PDS, moved to PDS/LMPUT
2025-04-04 10:10:45.972310 - Found LMQUERY.txt (text/plain) in CBT.V508.FILE464.PDS, moved to PDS/LMQUERY
2025-04-04 10:10:45.972439 - Found LOG.txt (text/plain) in CBT.V508.FILE464.PDS, moved to PDS/LOG
2025-04-04 10:10:45.972552 - Found SELECT.txt (text/plain) in CBT.V508.FILE464.PDS, moved to PDS/SELECT
2025-04-04 10:10:45.972667 - Found SETMSG.txt (text/plain) in CBT.V508.FILE464.PDS, moved to PDS/SETMSG
2025-04-04 10:10:45.972789 - Found TBADD.txt (text/plain) in CBT.V508.FILE464.PDS, moved to PDS/TBADD
2025-04-04 10:10:45.972900 - Found TBBOTTOM.txt (text/plain) in CBT.V508.FILE464.PDS, moved to PDS/TBBOTTOM
2025-04-04 10:10:45.973018 - Found TBCLOSE.txt (text/plain) in CBT.V508.FILE464.PDS, moved to PDS/TBCLOSE
2025-04-04 10:10:45.973145 - Found TBCREATE.txt (text/plain) in CBT.V508.FILE464.PDS, moved to PDS/TBCREATE
2025-04-04 10:10:45.973261 - Found TBDELETE.txt (text/plain) in CBT.V508.FILE464.PDS, moved to PDS/TBDELETE
2025-04-04 10:10:45.973393 - Found TBDISPL.txt (text/plain) in CBT.V508.FILE464.PDS, moved to PDS/TBDISPL
2025-04-04 10:10:45.973514 - Found TBEND.txt (text/plain) in CBT.V508.FILE464.PDS, moved to PDS/TBEND
2025-04-04 10:10:45.973629 - Found TBERASE.txt (text/plain) in CBT.V508.FILE464.PDS, moved to PDS/TBERASE
2025-04-04 10:10:45.973754 - Found TBEXIST.txt (text/plain) in CBT.V508.FILE464.PDS, moved to PDS/TBEXIST
2025-04-04 10:10:45.973866 - Found TBGET.txt (text/plain) in CBT.V508.FILE464.PDS, moved to PDS/TBGET
2025-04-04 10:10:45.973977 - Found TBMOD.txt (text/plain) in CBT.V508.FILE464.PDS, moved to PDS/TBMOD
2025-04-04 10:10:45.974087 - Found TBOPEN.txt (text/plain) in CBT.V508.FILE464.PDS, moved to PDS/TBOPEN
2025-04-04 10:10:45.974199 - Found TBPUT.txt (text/plain) in CBT.V508.FILE464.PDS, moved to PDS/TBPUT
2025-04-04 10:10:45.974310 - Found TBQUERY.txt (text/plain) in CBT.V508.FILE464.PDS, moved to PDS/TBQUERY
2025-04-04 10:10:45.974430 - Found TBSARG.txt (text/plain) in CBT.V508.FILE464.PDS, moved to PDS/TBSARG
2025-04-04 10:10:45.974549 - Found TBSAVE.txt (text/plain) in CBT.V508.FILE464.PDS, moved to PDS/TBSAVE
2025-04-04 10:10:45.974678 - Found TBSCAN.txt (text/plain) in CBT.V508.FILE464.PDS, moved to PDS/TBSCAN
2025-04-04 10:10:45.974804 - Found TBSKIP.txt (text/plain) in CBT.V508.FILE464.PDS, moved to PDS/TBSKIP
2025-04-04 10:10:45.974932 - Found TBSORT.txt (text/plain) in CBT.V508.FILE464.PDS, moved to PDS/TBSORT
2025-04-04 10:10:45.975044 - Found TBSTATS.txt (text/plain) in CBT.V508.FILE464.PDS, moved to PDS/TBSTATS
2025-04-04 10:10:45.975158 - Found TBTOP.txt (text/plain) in CBT.V508.FILE464.PDS, moved to PDS/TBTOP
2025-04-04 10:10:45.975275 - Found TBVCLEAR.txt (text/plain) in CBT.V508.FILE464.PDS, moved to PDS/TBVCLEAR
2025-04-04 10:10:45.975401 - Found TPUTE.txt (text/plain) in CBT.V508.FILE464.PDS, moved to PDS/TPUTE
2025-04-04 10:10:45.975526 - Found VCOPY.txt (text/plain) in CBT.V508.FILE464.PDS, moved to PDS/VCOPY
2025-04-04 10:10:45.975655 - Found VDEFINE.txt (text/plain) in CBT.V508.FILE464.PDS, moved to PDS/VDEFINE
2025-04-04 10:10:45.975769 - Found VDELETE.txt (text/plain) in CBT.V508.FILE464.PDS, moved to PDS/VDELETE
2025-04-04 10:10:45.975881 - Found VGET.txt (text/plain) in CBT.V508.FILE464.PDS, moved to PDS/VGET
2025-04-04 10:10:45.975991 - Found VPUT.txt (text/plain) in CBT.V508.FILE464.PDS, moved to PDS/VPUT
2025-04-04 10:10:45.976104 - Found VREPLACE.txt (text/plain) in CBT.V508.FILE464.PDS, moved to PDS/VREPLACE
2025-04-04 10:10:45.976220 - Found VRESET.txt (text/plain) in CBT.V508.FILE464.PDS, moved to PDS/VRESET
